[1025/003122.610:ERROR:prune_crash_reports.cc(34)] PruneCrashReportDatabase: Failed to get pending reports
[1025/003123.021:ERROR:prune_crash_reports.cc(34)] PruneCrashReportDatabase: Failed to get pending reports
[1025/004747.540:ERROR:prune_crash_reports.cc(34)] PruneCrashReportDatabase: Failed to get pending reports
[1025/004827.273:ERROR:prune_crash_reports.cc(34)] PruneCrashReportDatabase: Failed to get pending reports
[1025/004915.234:ERROR:prune_crash_reports.cc(34)] PruneCrashReportDatabase: Failed to get pending reports
[1025/005931.074:ERROR:prune_crash_reports.cc(34)] PruneCrashReportDatabase: Failed to get pending reports
[1025/010033.603:ERROR:prune_crash_reports.cc(34)] PruneCrashReportDatabase: Failed to get pending reports
[1025/010335.255:ERROR:prune_crash_reports.cc(34)] PruneCrashReportDatabase: Failed to get pending reports
[1025/010335.533:ERROR:prune_crash_reports.cc(34)] PruneCrashReportDatabase: Failed to get pending reports
[1025/010627.316:ERROR:prune_crash_reports.cc(34)] PruneCrashReportDatabase: Failed to get pending reports
[1025/010627.316:ERROR:prune_crash_reports.cc(34)] PruneCrashReportDatabase: Failed to get pending reports
[1025/010641.544:ERROR:prune_crash_reports.cc(34)] PruneCrashReportDatabase: Failed to get pending reports
[1025/010655.065:ERROR:prune_crash_reports.cc(34)] PruneCrashReportDatabase: Failed to get pending reports
[1025/010655.487:ERROR:prune_crash_reports.cc(34)] PruneCrashReportDatabase: Failed to get pending reports
[1025/010731.039:ERROR:prune_crash_reports.cc(34)] PruneCrashReportDatabase: Failed to get pending reports
[1025/010740.456:ERROR:prune_crash_reports.cc(34)] PruneCrashReportDatabase: Failed to get pending reports
[1025/010756.508:ERROR:prune_crash_reports.cc(34)] PruneCrashReportDatabase: Failed to get pending reports
[1025/010817.631:ERROR:prune_crash_reports.cc(34)] PruneCrashReportDatabase: Failed to get pending reports
[1025/010826.957:ERROR:prune_crash_reports.cc(34)] PruneCrashReportDatabase: Failed to get pending reports
[1025/011019.686:ERROR:prune_crash_reports.cc(34)] PruneCrashReportDatabase: Failed to get pending reports
[1025/011034.151:ERROR:prune_crash_reports.cc(34)] PruneCrashReportDatabase: Failed to get pending reports
[1025/014311.188:ERROR:prune_crash_reports.cc(34)] PruneCrashReportDatabase: Failed to get pending reports
[1025/015036.121:ERROR:prune_crash_reports.cc(34)] PruneCrashReportDatabase: Failed to get pending reports
[1025/015239.194:ERROR:prune_crash_reports.cc(34)] PruneCrashReportDatabase: Failed to get pending reports
[1025/020304.919:ERROR:prune_crash_reports.cc(34)] PruneCrashReportDatabase: Failed to get pending reports
[1028/221318.796:ERROR:prune_crash_reports.cc(34)] PruneCrashReportDatabase: Failed to get pending reports
[1029/001057.517:ERROR:file_io.cc(89)] ReadExactly: expected 36, observed 0
[1218/141257.170:ERROR:file_io.cc(89)] ReadExactly: expected 36, observed 0
[0116/171008.523:ERROR:file_io.cc(89)] ReadExactly: expected 36, observed 0
[0129/125436.685:ERROR:file_io.cc(89)] ReadExactly: expected 36, observed 0
[1001/161022.090:ERROR:file_io.cc(89)] ReadExactly: expected 36, observed 0
[1004/113550.905:ERROR:process_reader_win.cc(151)] SuspendThread: Access is denied. (0x5)
[1004/113551.246:ERROR:process_reader_win.cc(123)] NtOpenThread: An invalid Client ID was specified. (0xc000000b)
[1004/113551.292:ERROR:process_reader_win.cc(123)] NtOpenThread: An invalid Client ID was specified. (0xc000000b)
[1004/113551.388:ERROR:process_reader_win.cc(151)] SuspendThread: Access is denied. (0x5)
[1004/113551.390:ERROR:process_reader_win.cc(151)] SuspendThread: Access is denied. (0x5)
[1004/113551.390:ERROR:process_reader_win.cc(123)] NtOpenThread: An invalid Client ID was specified. (0xc000000b)
[1004/113551.390:ERROR:process_reader_win.cc(123)] NtOpenThread: An invalid Client ID was specified. (0xc000000b)
[1004/113551.391:ERROR:process_reader_win.cc(151)] SuspendThread: Access is denied. (0x5)
[1004/113551.391:ERROR:process_reader_win.cc(151)] SuspendThread: Access is denied. (0x5)
[1004/113551.392:ERROR:process_reader_win.cc(151)] SuspendThread: Access is denied. (0x5)
[1004/113551.392:ERROR:process_reader_win.cc(151)] SuspendThread: Access is denied. (0x5)
[1004/113551.392:ERROR:process_reader_win.cc(151)] SuspendThread: Access is denied. (0x5)
[1004/113551.393:ERROR:process_reader_win.cc(151)] SuspendThread: Access is denied. (0x5)
[1004/113551.393:ERROR:process_reader_win.cc(123)] NtOpenThread: An invalid Client ID was specified. (0xc000000b)
[1004/113551.393:ERROR:process_reader_win.cc(151)] SuspendThread: Access is denied. (0x5)
[1004/113551.393:ERROR:process_reader_win.cc(151)] SuspendThread: Access is denied. (0x5)
[1004/113551.393:ERROR:process_reader_win.cc(123)] NtOpenThread: An invalid Client ID was specified. (0xc000000b)
[1004/113551.393:ERROR:exception_snapshot_win.cc(98)] thread ID 9308 not found in process
[1004/113551.394:ERROR:scoped_process_suspend.cc(40)] NtResumeProcess: An attempt was made to access an exiting process. (0xc000010a)
[1010/031928.965:ERROR:file_io.cc(89)] ReadExactly: expected 36, observed 0
[1010/061836.311:ERROR:file_io.cc(89)] ReadExactly: expected 36, observed 0
[0225/135044.958:ERROR:prune_crash_reports.cc(35)] PruneCrashReportDatabase: Failed to get pending reports
[0225/135044.271:ERROR:prune_crash_reports.cc(35)] PruneCrashReportDatabase: Failed to get pending reports
[0225/135044.452:ERROR:prune_crash_reports.cc(35)] PruneCrashReportDatabase: Failed to get pending reports
[0225/135044.553:ERROR:prune_crash_reports.cc(35)] PruneCrashReportDatabase: Failed to get pending reports
